10001 	System error 	系统错误
10002 	Service unavailable 	服务暂停
10003 	Remote service error 	远程服务错误
10004 	IP limit 	IP限制，不能请求该资源
10005 	Permission denied, need a high level appkey 	该资源需要appkey拥有更高级的授权
10006 	Source paramter (appkey) is missing 	缺少source (appkey) 参数
10007 	Unsupport mediatype (%s) 	不支持的MediaType (%s)
10008 	Param error, see doc for more info 	参数错误，请参考API文档
10009 	Too many pending tasks, system is busy 	任务过多，系统繁忙
10010 	Job expired 	任务超时
10011 	RPC error 	RPC错误
10012 	Illegal request 	非法请求
10013 	Invalid weibo user 	不合法的微博用户
10014 	Insufficient app permissions 	应用的接口访问权限受限
10016 	Miss required parameter (%s) , see doc for more info 	缺失必选参数 (%s)，请参考API文档
10017 	Parameter (%s)'s value invalid, expect (%s) , but get (%s) , see doc for more info 	参数值非法，需为 (%s)，实际为 (%s)，请参考API文档
10018 	Request body length over limit 	请求长度超过限制
10020 	Request api not found 	接口不存在
10021 	HTTP method is not suported for this request 	请求的HTTP方法不支持
10022 	IP requests out of rate limit 	IP请求频次超过上限
10023 	User requests out of rate limit 	用户请求频次超过上限
10024 	User requests for (%s) out of rate limit 	用户请求特殊接口 (%s) 频次超过上限
10025 	Internal service param error 	内部接口参数错误
10026 	Api is deprecated 	该接口已经废弃
服务级错误代码
20001 	IDs is null 	IDs参数为空
20002 	Uid parameter is null 	Uid参数为空
20003 	User does not exists 	用户不存在
20005 	Unsupported image type, only suport JPG, GIF, PNG 	不支持的图片类型，仅仅支持JPG、GIF、PNG
20006 	Image size too large 	图片太大
20007 	Does multipart has image 	请确保使用multpart上传图片
20008 	Content is null 	内容为空
20009 	IDs is too many 	IDs参数太长了
20012 	Text too long, please input text less than 140 characters 	输入文字太长，请确认不超过140个字符
20013 	Text too long, please input text less than 300 characters 	输入文字太长，请确认不超过300个字符
20014 	Param is error, please try again 	安全检查参数有误，请再调用一次
20015 	Account or ip or app is illgal, can not continue 	您所在的帐号、IP或应用由于违反了网络使用安全的检测规则，暂时无法完成此操作。详见：http://help.weibo.com/faq/q/676/12561#12561 。想要取消限制，可以绑定手机，绑定地址：http://account.weibo.com/set/mobile ， 或联系客服http://help.weibo.com/self/query?typeid=1034 或致电微博客 服 4000 960 960（个 人）4000 980 980（企业）
20016 	Update weibo too fast 	发微博太多啦，休息一会儿吧!
20017 	Repeat similar content 	相同内容请间隔10分钟再进行发布哦！如需帮助，请联系客服http://help.weibo.com/self/query?typeid=1034 或致电微博客服 4000 960 960（个人）4000 980 980（企业）
20018 	Contain illegal website 	您输入的网址疑似为不安全链接，无法发表，请谅解。详见：http://help.weibo.com/faq/q/676/12560#12560 。如需帮助，请联系客服http://help.weibo.com/self/query?typeid=1034
20019 	Repeat conetnt 	相同内容请间隔10分钟再进行发布哦！如需帮助，请联系客服http://help.weibo.com/self/query?typeid=1034 或致电微博客服 4000 960 960（个人）4000 980 980（企业）
20020 	Contain advertising 	包含广告信息，无法进行发布！详见:http://help.weibo.com/faq/q/677/12563#12563 .如需帮助，请联 系客服http://help.weibo.com/self/query?typeid=1034
20021 	Content is illegal 	抱歉，根据相关法律法规的要求，此内容无法发布。详见:http://help.weibo.com/faq/q/676/12559#12559 。如需 帮助，请联系客服http://help.weibo.com/self/query?typeid=1034 或致电微博客 服 4000 960 960（个人）4000 980 980（企业）
20022 	Your ip's behave in a comic boisterous or unruly manner 	你所在的IP地址因为评论行为异常，暂时不能发表评论。想要取消限制，可以访问http://weibo.com/setting/mobile 绑定手机，或拨打客服电话
20023 	Sorry you can not use this service temporarily 	很抱歉，此功能暂时无法使用，如需帮助请联系@微博客服 或者致电客服电话400 690 0000
20031 	Test and verify 	需要弹出验证码
20032 	Update success, while server slow now, please wait 1-2 minutes 	微博发布成功。目前服务器数据同步可能会有延迟，请耐心等待1-2分钟。谢谢
20033 	Login stat abnormal 	登陆状态异常
20034 	Account is locked 	帐号处于锁定状态
20035 	Account realname is not verified 	帐号未实名认证
20036 	Service temporary is unavailable because of a lot of malicious operations on attention in current network environment 	当前您所在的网络环境存在大量恶意关注的行为，暂时无法完成此操作
20037 	Invoke api out of sass rate limit 	触犯频率限制
20038 	Repeat content 	您刚才已经发过相似的内容啦，建议您第二天再尝试！如需帮助，请联系客服http://help.weibo.com/self/query?typeid=1034
20044 	Update success, need show translucent layer 	可发表，但是需要弹出蒙层
20045 	Need show translucent layer 	不可发表，需要弹出蒙层
20046 	Registered email is not verified 	注册邮箱未激活
20047 	Is not trust user 	关注的对象不是可信用户
20048 	Verify code is error 	验证码不正确，请刷新验证码后重试
20049 	Register days too short 	注册时间太短
20050 	Follow too many today. 	本日关注已达到反垃圾策略的上限
20051 	Recover too many followers today 	您今天恢复太多粉丝啦，明天再来吧
20052 	user not have group 	用户未建立分组 
20101 	Target weibo does not exist 	不存在的微博
20102 	Not your own weibo 	不是你发布的微博
20103 	Can't repost yourself weibo 	不能转发自己的微博
20104 	Illegal weibo 	不合法的微博
20109 	Weibo id is null 	微博 id为空
20111 	Repeated weibo text 	不能发布相同的微博
20112 	Permission denied 	由于作者隐私设置，你没有权限查看此微博
20113 	Tag illegal 	标签名不合法
20114 	Tag name too long 	标签名太长
20115 	Tag not exist 	标签不存在
20116 	Tag exist 	标签已存在
20117 	Too mang tags of user 	最多200个标签
20118 	Too many tags of status 	最多5个标签
20119 	Call tag search failed 	标签搜索失败
20120 	Can't repost! permission denied 	由于作者设置了可见性，你没有权限转发此微博
20121 	Visible is in validate 	visible参数非法
20122 	Apps not exist 	应用不存在
20123 	Too mang feed filter of user 	最多屏蔽200个应用
20124 	Too mang feed filter of user 	最多屏蔽500条微博
20125 	Has not filter this app 	没有屏蔽过此应用
20126 	Can not filter sina app 	不能屏蔽新浪应用
20127 	Repeat filter 	已添加了此屏蔽
20128 	Delete fail 	删除屏蔽失败
20129 	Has not filter apps 	没有屏蔽任何应用
20130 	Permission denied 	由于作者隐私设置，你没有权限评论此微博
20131 	Sorry, the operation is ignored due to the un-safe link in your reposted message. Please contact our customer service center if you need help. http://t.cn/z0D6ZaQ 	您转发的微博里包含不安全链接，无法完成此操作，请谅解。如需帮助，请联系客服。http://t.cn/z0D6ZaQ
20132 	Sorry,content is unable to view. If you need help, please contact customer service 	抱歉，该内容暂时无法查看。如需帮助，请联系客服
20133 	Only valid members can filter app 	您不是会员，或者已过期，只有会员才能屏蔽应用
20134 	Group not exists 	分组不存在
20135 	Source status is deleted 	源微博已被删除
20136 	Too many group members 	非会员发表定向微博，分组成员数最多200
20137 	Too many group members 	该组成员已达上限，不能对该组发布定向微博!
20138 	Source status cant not be recovered 	该条微博不能被恢复
20139 	Member rank is limit 	会员等级不够，无此特权
20140 	Sass check is limit 	内容不合法 
20201 	Target weibo comment does not exist 	不存在的微博评论
20202 	Illegal comment 	不合法的评论
20203 	Not your own comment 	不是你发布的评论
20204 	Comment id is null 	评论ID为空
20205 	In block 	在黑名单中，无法进行评论
20206 	Only author's attention user can comment 	作者只允许关注用户评论
20207 	Only trust user can comment 	作者只允许可信用户评论
20208 	Due to user settings, you can not comment. 	由于用户设置，无法进行评论! 
20301 	Can't send direct message to user who is not your follower 	不能给不是你粉丝的人发私信
20302 	Illegal direct message 	不合法的私信
20303 	Not your own direct message 	不是属于你的私信
20305 	Direct message does not exist 	不存在的私信
20306 	Repeated direct message text 	不能发布相同的私信
20307 	Illegal direct message id 	非法的私信ID
20308 	Too much direct messages were sended 	发私信太多
20310 	Tousertype strategy was blocked 	tousertype策略被拦截
20311 	Content is illegal 	很抱歉，根据相关法规和政策，你暂时无法发送任何内容的私信。如需帮助请联 系 @微博客服 或者致电客服电话400 096 0960（个人） 400 098 0980（企业） 
20401 	Domain not exist 	域名不存在
20402 	Wrong verifier 	Verifier错误
20403 	Uid exists in filtered list 	屏蔽用户列表中存在此uid
20404 	Uid doesn't exist in filtered list 	屏蔽用户列表中不存在此uid
20405 	The user is not the current user's friend 	uid对应用户不是登录用户的好友
20406 	The amount of filtered user is beyond the limit 	屏蔽用户个数超出上限
20407 	There is no proper uid to process 	没有合适的uid
20408 	Process user of feed filter failure 	从feed屏蔽列表中，处理用户失败
20409 	the current user has no top status 	当前用户不存在置顶微博
20409 	duplicated user nick exists 	存在重复的用户昵称
20410 	Target status is not yours 	设置置顶微博失败
20410 	duplicated user domain exists 	存在重复的用户域名
20411 	Cancel top status failure 	该微博不是你的微博
20411 	duplicated user weihao exists 	存在重复的用户微号
20412 	Top status function used, no more again 	当前用户已经试用微博置顶功能，不能再试用
20412 	every user can only create 10 tags 	每个用户最多只能创建10个标签
20413 	Target status is not top status 	此微博不是置顶微博
20413 	this nick is in protect_nick list 	此昵称为受保护昵称
20414 	target status is the current status 	此微博是当前置顶微博
20414 	this nick is invalid 	此昵称不合法
20415 	the user and current user are not both friend 	uid对应的用户与当前登录用户不存在双向关注关系
20415 	admin forbidden modify 	管理后台禁止此用户修改信息
20416 	target status contains moment marketing contents 	您提交置顶的微博含有推广微信公众号等第三方平台的营销信息，违反社区有关规定。请删除微博中的违规信息，再提交置顶
20416 	permission denied 	当前用户无权进行此项操作
20417 	every user can only create 10 user_ability tags 	每个用户最多只能创建10个能力标签
20418 	every user can only create 2 dianping's type 	每个用户最多只能创建2个点评团类型
20419 	this nick has been locked 	此昵称已经被锁定
20420 	user don't use this badge 	用户未使用此徽章
20421 	normal verified user, nick changed time beyond limit. 	普通V用户昵称修改超限
20422 	member changed to normal user, nick changed time beyond limit. 	年费V用户变成普通V用户，昵称修改超限
20423 	member verified user, nick changed time beyond limit. 	年费V昵称修改超限
20424 	nick nums out of limit 	每次最多输入20个昵称 
20501 	Source_user or target_user does not exists 	参数source_user或者target_user的用户不存在
20502 	Please input right target user id or screen_name 	必须输入目标用户id或者screen_name
20503 	Need you follow user_id 	参数user_id必须是你关注的用户
20504 	Can not follow yourself 	你不能关注自己
20505 	Social graph updates out of rate limit 	加关注请求超过上限
20506 	Already followed 	已经关注此用户
20507 	Verification code is needed 	需要输入验证码
20508 	According to user privacy settings, you can not do this 	根据对方的设置，你不能进行此操作
20509 	Private friend count is out of limit 	悄悄关注个数到达上限
20510 	Not private friend 	不是悄悄关注人
20511 	Already followed privately 	已经悄悄关注此用户
20512 	Please delete the user from you blacklist before you follow the user 	你已经把此用户加入黑名单，加关注前请先解除
20513 	Friend count is out of limit 	你的关注人数已达上限
20521 	Hi Superman, you have concerned a lot of people, have a think of how to make other people concern about you! If you have any questions, please contact Sina customer service: 400 690 0000 	hi超人，你今天已经关注很多喽，接下来的时间想想如何让大家都来关注你吧！如有问题，请联系新浪客服：400 690 0000
20522 	Not followed 	还未关注此用户
20523 	Not followers 	还不是粉丝
20524 	Hi Superman, you have cancelled concerning a lot of people, have a think of how to make other people concern about you! If you have any questions, please contact Sina customer service: 400 690 0000 	hi超人，你今天已经取消关注很多喽，接下来的时间想想如何让大家都来关注你吧！如有问题，请联系新浪客服：400 690 0000
20525 	Already close friend 	已经是密友了
20526 	Already send close friend invite 	已经发送过密友邀请
20527 	Close friend out of rate limit 	密友数到达上限
20528 	Is not close friend 	不是密友
20529 	is not vip user 	不是V用户
20530 	group member out of range 	分组成员数到达上限
20553 	Cannot transform a tourist into himself 	游客转换不能转换成自己
20554 	The page is not exists 	该节点不存在
20555 	No proper page id 	没有合适的节点ID
20556 	not top friend yet 	还不是置顶的关注用户
20557 	top friends are out of limit 	置顶用户超过上限
20558 	follow member out of range 	粉丝数不足 
20601 	List name too long, please input text less than 10 characters 	列表名太长，请确保输入的文本不超过10个字符
20602 	List description too long, please input text less than 70 characters 	列表描叙太长，请确保输入的文本不超过70个字符
20603 	List does not exists 	列表不存在
20604 	Only the owner has the authority 	不是列表的所属者
20605 	Illegal list name or list description 	列表名或描叙不合法
20606 	Object already exists 	记录已存在
20607 	DB error, please contact the administator 	数据库错误，请联系系统管理员
20608 	List name duplicate 	列表名冲突
20610 	Does not support private list 	目前不支持私有分组
20611 	Create list error 	创建列表失败
20612 	Only support private list 	目前只支持私有分组
20613 	You hava subscriber too many lists 	订阅列表达到上限
20614 	Too many lists, see doc for more info 	创建列表达到上限，请参考API文档
20615 	Too many members, see doc for more info 	列表成员上限，请参考API文档 
20701 	Repeated tag text 	不能提交相同的收藏标签
20702 	Tags is too many 	最多两个收藏标签
20703 	Illegal tag name 	收藏标签名不合法
20704 	You have collected this status 	您已经收藏了此微博
20705 	Not your collection 	此微博不是您的收藏
20706 	Operation failed 	操作失败 
20801 	Trend_name is null 	参数trend_name是空值
20802 	Trend_id is null 	参数trend_id是空值 
21001 	Tags parameter is null 	标签参数为空
21002 	Tags name too long 	标签名太长，请确保每个标签名不超过14个字符 
21101 	Domain parameter is error 	参数domain错误
21102 	The phone number has been used 	该手机号已经被使用
21103 	The account has bean bind phone 	该用户已经绑定手机
21104 	Wrong verifier 	Verifier错误
21105 	The phone number bind too many account. Please call 400 690 0000 	你的手机号近期频繁绑定过多个帐号，请拨打客服电话400 690 0000
21106 	Screen_name illegal 	昵称非法
21107 	Description illegal 	描述非法
21108 	Old password error 	原始密码错误
21109 	New password error 	新密码错误
21110 	The account has not been bind mobile 	此用户暂时没有绑定手机
21111 	User school info too much 	教育信息过多
21112 	School is not exist 	学校不存在
21113 	Edu is not exist 	教育信息不存在
21114 	No user has education 	没有用户有教育信息
21115 	Career is not exist 	职业信息不存在
21116 	No user has career 	没有用户有职业信息
21117 	The account has no qq info 	此用户没有qq信息
21118 	The school is exist 	学校已存在
21119 	No uid is exist 	没有合法的uid
21120 	The account has no weihao info 	此用户没有微号信息
21121 	The weihao is exist 	此微号已经存在
21122 	The status of the account's mobile is waiting to be bound 	用户手机绑定状态为待绑定
21123 	The account has not bound mobile 	用户未绑定手机
21124 	Invalid email address 	邮箱错误
21125 	Sina email address is not acceptable 	注册邮箱禁止使用新浪邮箱
21128 	Nick is exist or nick is illegal(the character of nick should be Chinese, English, number, underscore or minus;the nick should not only be consist of number) 	昵称已存在或非法(昵称只能支持中英文、数字、下划线或减号;昵称禁止为全数字)
21129 	Password should range from 6 to 16 characters 	密码长度应为6到16位
21130 	The character of pwd should be letter or number or half-width character 	密码只允许字母，数字，键盘半角字符
21131 	Failed to send activation email 	发送激活邮件失败
21132 	Email address is already verified for another account 	注册邮箱已被占用
21133 	Activate failure 	注册后激活失败
21134 	Modify user's type failure 	更改用户type失败
21135 	Nick should range from 4 to 30 characters 	昵称长度应为4到30位
21136 	Gender should range from m to f 	gender参数可选值，m表示男性,f 表示女性
21137 	Param ip invalid 	参数ip无效
21138 	Parameter 'key' is invalid 	参数key不是有效的无线号段
21139 	Content is illegal 	关键字禁止
21140 	The user is not an invalid member 	此用户不是会员用户
21141 	Block_words exists duplicate blockword 	有重复的屏蔽词
21142 	The number of block words reaches its limit 	屏蔽词个数达到当前会员类型上限
21148 	do not have privilege to set cardid 	没有权限设置cardid 
21301 	Auth faild 	认证失败
21302 	Username or password error 	用户名或密码不正确
21303 	Username and pwd auth out of rate limit 	用户名密码认证超过请求限制
21304 	Version rejected 	版本号错误
21305 	Parameter absent 	缺少必要的参数
21306 	Parameter rejected 	OAuth参数被拒绝
21307 	Timestamp refused 	时间戳不正确
21308 	Nonce used 	参数nonce已经被使用
21309 	Signature method rejected 	签名算法不支持
21310 	Signature invalid 	签名值不合法
21311 	Consumer key unknown 	参数consumer_key不存在
21312 	Consumer key refused 	参数consumer_key不合法
21313 	Miss consumer key 	参数consumer_key缺失
21314 	Token used 	Token已经被使用
21315 	Token expired 	Token已经过期
21316 	Token revoked 	Token不合法
21317 	Token rejected 	Token不合法
21318 	Verifier fail 	Pin码认证失败
21319 	Accessor was revoked 	授权关系已经被解除
21320 	Unsupport protocol 	不支持的协议
21321 	Applications over the unaudited use restrictions 	未审核的应用使用人数超过限制
21322 	Redirect uri mismatch 	重定向地址不匹配
21323 	Invalid request 	请求不合法
21324 	Invalid client 	client_id或client_secret参数无效
21325 	Invalid grant 	提供的Access Grant是无效的、过期的或已撤销的
21326 	Unauthorized client 	客户端没有权限
21327 	Expired token 	token过期
21328 	Unsupported grant type 	不支持的 GrantType
21329 	Unsupported response type 	不支持的 ResponseType
21330 	Access denied 	用户或授权服务器拒绝授予数据访问权限
21331 	Temporarily unavailable 	服务暂时无法访问
21332 	Invalid access token 	access_token 无效
21333 	Forbid use this authentication type 	禁止使用此认证方式
21334 	Account state abnormal 	帐号状态不正常
21335 	Request uid's value must be the current user 	uid参数仅允许传入当前授权用户uid 
21501 	Urls is null 	参数urls是空的
21502 	Urls is too many 	参数urls太多了
21503 	IP is null 	IP是空值
21504 	Url is null 	参数url是空值 
21601 	System busy 	系统繁忙请重试
21602 	Notice template not find id XX 	找不到模板ID XXX
21603 	Data modify error 	修改数据报错
21604 	Exits notice appkey check fail 	已有通知的appkey校验失败
21605 	Create notice template over limit 	创建模板超过最大限制
21610 	Auth fail 	授权失败
21611 	Illegal source 	非法appkey
21612 	Illegal ip 	无效IP
21613 	Param error need nid or title and content 	参数错误，需要通知id或者标题内容参数
21620 	Uid check error authUid %s param uid %s 	参数错误，uid参数必须与登录用户一致，授权用户uid %s 参数uid %s
21621 	Appkey62 illegal 	appkey62无效
21631 	Block add limit 	添加屏蔽达到上限
21632 	Forbid add block unauth 	禁止添加未授权的应用
21633 	Forbid add block without auth 	此应用没有发通知权限，不许屏蔽
21634 	Allready block! userid %s appkey %s 	已经屏蔽过了
21635 	White appkey forbid block! appkey %s 	白名单appkey禁止屏蔽
21650 	Notice id not find 	未找到通知id
21651 	Notice send not appkey owner 	只有appkey所有人能发通知
21652 	Notice template stats error 	通知模板状态不对，不能发送
21653 	Notice template appkey check fail 	通知模板与发送通知appkey不一致
21654 	Notice send fail 	通知发送失败，请重试
21655 	Notice send illegal 	通知请求非法
21656 	Notice template text check fail 	通知模板与发送通知变量不匹配 
21701 	Manage remind error, need auth 	提醒失败，需要权限
21702 	Invalid category 	无效分类
21703 	Invalid status 	无效状态码 
21901 	Geo code input error 	地理信息输入错误 
22301 	Invite error. 	邀请处理失败!
22302 	Need follow user. 	需要是被邀请人的关注用户!
22303 	Repeat invite. 	重复邀请!
22304 	Can not invite youself. 	不能自己邀请自己!
22305 	Already follow. 	已是关注用户，不能发送关注邀请!
22306 	User not in app. 	当用户不在游戏中时，不能发送游戏邀请!
22307 	User in blacklist. 	邀请对象在黑名单中!
22308 	Need follow each other. 	需要相互关注!
22309 	Reject all invite. 	拒绝所有邀请!
22310 	App is blocked. 	此应用的邀请被屏蔽!
22311 	Need close friend. 	需要密友关系!
22312 	Is blocked user. 	此用户的邀请被屏蔽!
22313 	Is not trust user. 	不是可信用户!
22314 	Illegal content. 	内容不合法!
22315 	Need v verify. 	需要V用户!
22316 	Invite out of rate limit. 	邀请达到发送限制!
22317 	Has not close friend invite. 	没有被密友邀请!
22318 	Close friend un-synchronize. 	密友关系不同步!
22319 	Database failed. 	数据库连接失败!
22320 	Text too long, please input text less than 50 characters. 	输入文字太长，请确认不超过50个字符!
22321 	Repeat block this app. 	重复屏蔽该应用!
22322 	Block number is out of limit. 	屏蔽应用数达到上限!
22323 	Not in block list. 	该应用未在屏蔽列表中!
22324 	User not in blacklist. 	用户不在黑名单中!
22325 	Close friend number is out of limit. 	达到密友上限，不能再添加密友!
22601 	Object not exists. 	对象不存在!
22602 	Object can not show. 	对象不可展开!
22603 	object is not safe. 	对象不安全!
22604 	Remote fetcher failed. 	远程抓取数据失败!
22607 	Object not support for render type. 	对象不支持该渲染类型!
22608 	Object not support subdomain render. 	对象不支持子域名渲染!
25901 	Like target weibo does not exist! 	不存在的微博赞!
25902 	Illegal like! 	不合法的赞!
25903 	Not your own like! 	不是你发布的赞!
25904 	In block! 	在黑名单中，无法进行赞 !
25905 	Only author's attention user can like. 	作者只允许关注用户赞!
25906 	Only trust user can like. 	作者只允许可信用户赞!
25907 	Forbid like. 	禁止赞! 
211100 	connection is interrupted 	连接中断
211101 	Missing param subid 	缺少subid参数
211102 	Illegal param subid 	subid不合法
211103 	IP is limited 	IP受限
211104 	Pushing is suspended 	暂停推送
211105 	Pushing is not ready 	推送未准备就绪
211106 	System error 	系统错误
211107 	Calling the wrong API 	请求的接口与订阅的数据类型不符
211108 	Illegal param since_id 	since_id不合法，超过时间限制
211109 	quota is exceeded 	超出配额
211110 	param does not exist 	参数不存在
211111 	the total number of keywords is out of 400 	订阅关键词总数超出400限制
211112 	protected keywords are subscribed 	订阅了受保护的关键词
211113 	the number of keywords param ‘add_keywords’ specified is out of 20 per call 	每次订阅的关键词数超出20限制
211114 	the length of the keyword exceeds 12 Chinese characters 	关键词长度超出12个汉字